0 info it worked if it ends with ok
1 verbose cli [ 'C:\\Program Files (x86)\\nodejs\\node.exe',
1 verbose cli   'C:\\Program Files (x86)\\nodejs\\node_modules\\npm\\bin\\npm-cli.js',
1 verbose cli   'run',
1 verbose cli   'devserver' ]
2 info using npm@3.10.10
3 info using node@v6.10.2
4 verbose run-script [ 'predevserver', 'devserver', 'postdevserver' ]
5 info lifecycle my-project@1.0.0~predevserver: my-project@1.0.0
6 silly lifecycle my-project@1.0.0~predevserver: no script for predevserver, continuing
7 info lifecycle my-project@1.0.0~devserver: my-project@1.0.0
8 verbose lifecycle my-project@1.0.0~devserver: unsafe-perm in lifecycle true
9 verbose lifecycle my-project@1.0.0~devserver: PATH: C:\Program Files (x86)\nodejs\node_modules\npm\bin\node-gyp-bin;c:\Program Files (x86)\Ampps\www\itvdn\essentials\04-routing-es6\01-routing\node_modules\.bin;C:\Program Files\Common Files\Microsoft Shared\Windows Live;C:\Program Files (x86)\Common Files\Microsoft Shared\Windows Live;C:\Windows\system32;C:\Windows;C:\Windows\System32\Wbem;C:\Windows\System32\WindowsPowerShell\v1.0\;C:\Program Files (x86)\Windows Live\Shared;C:\Program Files (x86)\Brackets\command;C:\Program Files (x86)\Git\cmd;C:\Program Files (x86)\nodejs\; C:\Program Files (x86)\Ampps\mysql\bin;C:\Users\niclab702-2\AppData\Local\Programs\Python\Python36-32\Scripts\;C:\Users\niclab702-2\AppData\Local\Programs\Python\Python36-32\;C:\Users\niclab702-2\AppData\Local\Programs\Python\Launcher\;C:\Users\niclab702-2\AppData\Roaming\npm;C:\Users\niclab702-2\AppData\Local\atom\app-1.17.2\resources\app\apm\bin;C:\Users\niclab702-2\AppData\Local\atom\app-1.17.2;C:\Users\niclab702-2\AppData\Local\Programs\Python\Python36-32;C:\OSGeo4W64\bin;C:\Users\niclab702-2\AppData\Local\Programs\Python\Launcher\;C:\Users\niclab702-2\AppData\Local\Programs\Python\Python36-32\Scripts\;C:\Users\niclab702-2\AppData\Local\Programs\Python\Python36-32\;C:\Users\niclab702-2\AppData\Roaming\npm;C:\Users\niclab702-2\AppData\Local\atom\app-1.17.2\resources\app\apm\bin;C:\Users\niclab702-2\AppData\Local\atom\app-1.17.2;C:\Program Files\Microsoft VS Code\bin
10 verbose lifecycle my-project@1.0.0~devserver: CWD: c:\Program Files (x86)\Ampps\www\itvdn\essentials\04-routing-es6\01-routing
11 silly lifecycle my-project@1.0.0~devserver: Args: [ '/d /s /c',
11 silly lifecycle   'webpack-dev-server --debug --hot --devtool eval-source-map --output-pathinfo --watch --colors --inline --content-base public --port 8080 --host 127.0.0.1' ]
12 silly lifecycle my-project@1.0.0~devserver: Returned: code: 3221225786  signal: null
13 info lifecycle my-project@1.0.0~devserver: Failed to exec devserver script
14 verbose stack Error: my-project@1.0.0 devserver: `webpack-dev-server --debug --hot --devtool eval-source-map --output-pathinfo --watch --colors --inline --content-base public --port 8080 --host 127.0.0.1`
14 verbose stack Exit status 3221225786
14 verbose stack     at EventEmitter.<anonymous> (C:\Program Files (x86)\nodejs\node_modules\npm\lib\utils\lifecycle.js:255:16)
14 verbose stack     at emitTwo (events.js:106:13)
14 verbose stack     at EventEmitter.emit (events.js:191:7)
14 verbose stack     at ChildProcess.<anonymous> (C:\Program Files (x86)\nodejs\node_modules\npm\lib\utils\spawn.js:40:14)
14 verbose stack     at emitTwo (events.js:106:13)
14 verbose stack     at ChildProcess.emit (events.js:191:7)
14 verbose stack     at maybeClose (internal/child_process.js:886:16)
14 verbose stack     at Process.ChildProcess._handle.onexit (internal/child_process.js:226:5)
15 verbose pkgid my-project@1.0.0
16 verbose cwd c:\Program Files (x86)\Ampps\www\itvdn\essentials\04-routing-es6\01-routing
17 error Windows_NT 6.1.7601
18 error argv "C:\\Program Files (x86)\\nodejs\\node.exe" "C:\\Program Files (x86)\\nodejs\\node_modules\\npm\\bin\\npm-cli.js" "run" "devserver"
19 error node v6.10.2
20 error npm  v3.10.10
21 error code ELIFECYCLE
22 error my-project@1.0.0 devserver: `webpack-dev-server --debug --hot --devtool eval-source-map --output-pathinfo --watch --colors --inline --content-base public --port 8080 --host 127.0.0.1`
22 error Exit status 3221225786
23 error Failed at the my-project@1.0.0 devserver script 'webpack-dev-server --debug --hot --devtool eval-source-map --output-pathinfo --watch --colors --inline --content-base public --port 8080 --host 127.0.0.1'.
23 error Make sure you have the latest version of node.js and npm installed.
23 error If you do, this is most likely a problem with the my-project package,
23 error not with npm itself.
23 error Tell the author that this fails on your system:
23 error     webpack-dev-server --debug --hot --devtool eval-source-map --output-pathinfo --watch --colors --inline --content-base public --port 8080 --host 127.0.0.1
23 error You can get information on how to open an issue for this project with:
23 error     npm bugs my-project
23 error Or if that isn't available, you can get their info via:
23 error     npm owner ls my-project
23 error There is likely additional logging output above.
24 verbose exit [ 1, true ]
